TN:
SF:src\modules\locations\infra\services\CreateLocationService.ts
FN:11,(anonymous_4)
FN:17,(anonymous_5)
FNF:2
FNH:2
FNDA:1,(anonymous_4)
FNDA:1,(anonymous_5)
DA:1,1
DA:2,1
DA:8,1
DA:14,1
DA:27,1
DA:38,1
LF:6
LH:6
BRF:0
BRH:0
end_of_record
TN:
SF:src\modules\locations\infra\services\DeleteLocationService.ts
FN:9,(anonymous_5)
FN:15,(anonymous_6)
FNF:2
FNH:2
FNDA:3,(anonymous_5)
FNDA:3,(anonymous_6)
DA:2,1
DA:3,1
DA:6,1
DA:12,3
DA:16,3
DA:18,3
DA:19,1
DA:22,2
DA:23,1
DA:28,1
DA:30,1
LF:11
LH:11
BRDA:18,0,0,1
BRDA:18,0,1,2
BRDA:22,1,0,1
BRDA:22,1,1,1
BRF:4
BRH:4
end_of_record
TN:
SF:src\modules\rents\dependencies\rentStatus\infra\services\ShowRentStatusService.ts
FN:11,(anonymous_5)
FN:17,(anonymous_6)
FNF:2
FNH:2
FNDA:2,(anonymous_5)
FNDA:2,(anonymous_6)
DA:1,1
DA:2,1
DA:3,1
DA:8,1
DA:14,2
DA:18,2
DA:20,2
DA:21,1
DA:23,1
LF:9
LH:9
BRDA:20,0,0,1
BRDA:20,0,1,1
BRF:2
BRH:2
end_of_record
TN:
SF:src\modules\rents\infra\services\CreateRentService.ts
FN:25,(anonymous_5)
FN:35,(anonymous_6)
FN:75,(anonymous_7)
FNF:3
FNH:3
FNDA:9,(anonymous_5)
FNDA:9,(anonymous_6)
FNDA:2,(anonymous_7)
DA:6,1
DA:7,1
DA:14,1
DA:18,1
DA:30,9
DA:31,9
DA:32,9
DA:41,9
DA:42,9
DA:43,1
DA:45,8
DA:46,1
DA:49,7
DA:51,7
DA:52,1
DA:55,6
DA:56,1
DA:59,5
DA:60,1
DA:65,4
DA:67,4
DA:68,1
DA:73,3
DA:75,3
DA:76,2
DA:82,1
DA:85,1
DA:91,1
DA:97,1
DA:106,1
LF:30
LH:30
BRDA:42,0,0,1
BRDA:42,0,1,8
BRDA:45,1,0,1
BRDA:45,1,1,7
BRDA:51,2,0,1
BRDA:51,2,1,6
BRDA:55,3,0,1
BRDA:55,3,1,5
BRDA:59,4,0,1
BRDA:59,4,1,4
BRDA:67,5,0,1
BRDA:67,5,1,3
BRDA:76,6,0,1
BRDA:76,6,1,1
BRDA:77,7,0,2
BRDA:77,7,1,1
BRDA:77,7,2,1
BRDA:77,7,3,0
BRDA:85,8,0,1
BRDA:85,8,1,0
BRDA:86,9,0,1
BRDA:86,9,1,0
BRDA:86,9,2,1
BRDA:86,9,3,0
BRF:24
BRH:20
end_of_record
TN:
SF:src\modules\rents\infra\services\DeleteRentService.ts
FN:9,(anonymous_5)
FN:13,(anonymous_6)
FNF:2
FNH:2
FNDA:4,(anonymous_5)
FNDA:4,(anonymous_6)
DA:2,1
DA:3,1
DA:6,1
DA:10,4
DA:14,4
DA:16,4
DA:17,1
DA:20,3
DA:21,1
DA:27,2
DA:28,1
DA:32,1
DA:33,1
LF:13
LH:13
BRDA:16,0,0,1
BRDA:16,0,1,3
BRDA:20,1,0,1
BRDA:20,1,1,2
BRDA:27,2,0,1
BRDA:27,2,1,1
BRF:6
BRH:6
end_of_record
TN:
SF:src\modules\rents\infra\services\ShowRentsService.ts
FN:11,(anonymous_5)
FN:15,(anonymous_6)
FNF:2
FNH:2
FNDA:2,(anonymous_5)
FNDA:2,(anonymous_6)
DA:1,1
DA:3,1
DA:4,1
DA:8,1
DA:12,2
DA:16,2
DA:18,2
DA:19,1
DA:22,1
LF:9
LH:9
BRDA:18,0,0,1
BRDA:18,0,1,1
BRF:2
BRH:2
end_of_record
TN:
SF:src\modules\rents\infra\services\UpdateRentService.ts
FN:26,(anonymous_5)
FN:34,(anonymous_6)
FN:87,(anonymous_7)
FNF:3
FNH:3
FNDA:10,(anonymous_5)
FNDA:10,(anonymous_6)
FNDA:3,(anonymous_7)
DA:1,1
DA:3,1
DA:4,1
DA:5,1
DA:21,1
DA:30,10
DA:31,10
DA:41,10
DA:43,10
DA:44,1
DA:47,9
DA:48,1
DA:54,8
DA:55,1
DA:60,7
DA:61,1
DA:64,6
DA:65,1
DA:70,5
DA:72,5
DA:73,1
DA:77,4
DA:79,4
DA:80,1
DA:85,3
DA:87,3
DA:88,3
DA:89,2
DA:95,1
DA:98,1
DA:104,1
DA:111,1
DA:117,1
DA:119,1
LF:34
LH:34
BRDA:43,0,0,1
BRDA:43,0,1,9
BRDA:47,1,0,1
BRDA:47,1,1,8
BRDA:54,2,0,1
BRDA:54,2,1,7
BRDA:60,3,0,1
BRDA:60,3,1,6
BRDA:64,4,0,1
BRDA:64,4,1,5
BRDA:72,5,0,1
BRDA:72,5,1,4
BRDA:79,6,0,1
BRDA:79,6,1,3
BRDA:88,7,0,2
BRDA:88,7,1,1
BRDA:89,8,0,1
BRDA:89,8,1,1
BRDA:90,9,0,2
BRDA:90,9,1,1
BRDA:90,9,2,1
BRDA:90,9,3,0
BRDA:98,10,0,1
BRDA:98,10,1,0
BRDA:99,11,0,1
BRDA:99,11,1,0
BRDA:99,11,2,1
BRDA:99,11,3,0
BRF:28
BRH:24
end_of_record
TN:
SF:src\modules\users\infra\services\CreateSessionTokenService.ts
FN:17,(anonymous_5)
FN:25,(anonymous_6)
FN:61,(anonymous_7)
FNF:3
FNH:0
FNDA:0,(anonymous_5)
FNDA:0,(anonymous_6)
FNDA:0,(anonymous_7)
DA:1,0
DA:5,0
DA:6,0
DA:7,0
DA:12,0
DA:21,0
DA:22,0
DA:31,0
DA:32,0
DA:34,0
DA:35,0
DA:37,0
DA:39,0
DA:40,0
DA:41,0
DA:43,0
DA:44,0
DA:45,0
DA:47,0
DA:48,0
DA:49,0
DA:51,0
DA:52,0
DA:53,0
DA:55,0
DA:58,0
DA:65,0
DA:66,0
DA:71,0
DA:73,0
LF:30
LH:0
BRDA:31,0,0,0
BRDA:31,0,1,0
BRDA:34,1,0,0
BRDA:34,1,1,0
BRDA:40,2,0,0
BRDA:40,2,1,0
BRDA:43,3,0,0
BRDA:43,3,1,0
BRDA:48,4,0,0
BRDA:48,4,1,0
BRDA:51,5,0,0
BRDA:51,5,1,0
BRDA:65,6,0,0
BRDA:65,6,1,0
BRF:14
BRH:0
end_of_record
TN:
SF:src\modules\users\infra\services\CreateUserService.ts
FN:14,(anonymous_5)
FN:22,(anonymous_6)
FNF:2
FNH:2
FNDA:1,(anonymous_5)
FNDA:1,(anonymous_6)
DA:3,1
DA:4,1
DA:9,1
DA:18,1
DA:19,1
DA:31,1
DA:32,0
DA:34,1
DA:35,0
DA:37,1
DA:38,0
DA:43,1
DA:45,1
DA:55,1
LF:14
LH:11
BRDA:31,0,0,0
BRDA:31,0,1,1
BRDA:34,1,0,0
BRDA:34,1,1,1
BRDA:37,2,0,0
BRDA:37,2,1,1
BRF:6
BRH:3
end_of_record
TN:
SF:src\modules\users\infra\services\DeleteUserService.ts
FN:9,(anonymous_5)
FN:13,(anonymous_6)
FNF:2
FNH:0
FNDA:0,(anonymous_5)
FNDA:0,(anonymous_6)
DA:2,0
DA:3,0
DA:6,0
DA:10,0
DA:14,0
DA:16,0
DA:17,0
DA:20,0
LF:8
LH:0
BRDA:16,0,0,0
BRDA:16,0,1,0
BRF:2
BRH:0
end_of_record
TN:
SF:src\modules\users\infra\services\ShowAllUsersService.ts
FN:10,(anonymous_5)
FN:14,(anonymous_6)
FNF:2
FNH:0
FNDA:0,(anonymous_5)
FNDA:0,(anonymous_6)
DA:2,0
DA:3,0
DA:7,0
DA:11,0
DA:15,0
DA:17,0
DA:18,0
DA:20,0
LF:8
LH:0
BRDA:17,0,0,0
BRDA:17,0,1,0
BRF:2
BRH:0
end_of_record
TN:
SF:src\modules\users\infra\services\UpdateUserService.ts
FN:21,(anonymous_5)
FN:25,(anonymous_6)
FNF:2
FNH:0
FNDA:0,(anonymous_5)
FNDA:0,(anonymous_6)
DA:2,0
DA:3,0
DA:18,0
DA:22,0
DA:35,0
DA:37,0
DA:38,0
DA:41,0
DA:42,0
DA:47,0
DA:48,0
DA:51,0
DA:52,0
DA:57,0
DA:67,0
DA:69,0
LF:16
LH:0
BRDA:37,0,0,0
BRDA:37,0,1,0
BRDA:41,1,0,0
BRDA:41,1,1,0
BRDA:47,2,0,0
BRDA:47,2,1,0
BRDA:51,3,0,0
BRDA:51,3,1,0
BRF:8
BRH:0
end_of_record
TN:
SF:src\modules\vehicles\dependencies\brands\infra\services\ShowBrandsService.ts
FN:10,(anonymous_5)
FN:14,(anonymous_6)
FNF:2
FNH:2
FNDA:2,(anonymous_5)
FNDA:2,(anonymous_6)
DA:1,1
DA:2,1
DA:7,1
DA:11,2
DA:15,2
DA:17,2
DA:18,1
DA:21,1
LF:8
LH:8
BRDA:17,0,0,1
BRDA:17,0,1,1
BRF:2
BRH:2
end_of_record
TN:
SF:src\modules\vehicles\dependencies\brands\infra\services\ValidateBrandService.ts
FN:9,(anonymous_4)
FN:13,(anonymous_5)
FNF:2
FNH:2
FNDA:4,(anonymous_4)
FNDA:4,(anonymous_5)
DA:1,3
DA:6,3
DA:10,4
DA:14,4
DA:16,4
DA:17,3
DA:18,3
DA:20,1
LF:8
LH:8
BRDA:16,0,0,3
BRDA:16,0,1,1
BRF:2
BRH:2
end_of_record
TN:
SF:src\modules\vehicles\dependencies\cars\infra\services\CreateCarService.ts
FN:9,(anonymous_4)
FN:13,(anonymous_5)
FNF:2
FNH:2
FNDA:1,(anonymous_4)
FNDA:1,(anonymous_5)
DA:1,1
DA:6,1
DA:10,1
DA:21,1
DA:30,1
LF:5
LH:5
BRF:0
BRH:0
end_of_record
TN:
SF:src\modules\vehicles\dependencies\cars\infra\services\UpdateCarService.ts
FN:18,(anonymous_5)
FN:26,(anonymous_6)
FNF:2
FNH:2
FNDA:3,(anonymous_5)
FNDA:3,(anonymous_6)
DA:2,1
DA:3,1
DA:13,1
DA:22,3
DA:23,3
DA:35,3
DA:37,3
DA:38,1
DA:40,2
DA:42,2
DA:43,1
DA:48,1
DA:56,1
DA:57,1
LF:14
LH:14
BRDA:37,0,0,1
BRDA:37,0,1,2
BRDA:42,1,0,1
BRDA:42,1,1,1
BRF:4
BRH:4
end_of_record
TN:
SF:src\modules\vehicles\dependencies\categories\infra\services\ShowCategoriesService.ts
FN:10,(anonymous_5)
FN:16,(anonymous_6)
FNF:2
FNH:2
FNDA:2,(anonymous_5)
FNDA:2,(anonymous_6)
DA:1,1
DA:2,1
DA:7,1
DA:13,2
DA:17,2
DA:19,2
DA:20,1
DA:23,1
LF:8
LH:8
BRDA:19,0,0,1
BRDA:19,0,1,1
BRF:2
BRH:2
end_of_record
TN:
SF:src\modules\vehicles\dependencies\models\infra\services\ShowModelsService.ts
FN:10,(anonymous_5)
FN:14,(anonymous_6)
FNF:2
FNH:2
FNDA:2,(anonymous_5)
FNDA:2,(anonymous_6)
DA:1,1
DA:2,1
DA:7,1
DA:11,2
DA:15,2
DA:17,2
DA:18,1
DA:21,1
LF:8
LH:8
BRDA:17,0,0,1
BRDA:17,0,1,1
BRF:2
BRH:2
end_of_record
TN:
SF:src\modules\vehicles\dependencies\models\infra\services\ValidateModelService.ts
FN:9,(anonymous_4)
FN:13,(anonymous_5)
FNF:2
FNH:2
FNDA:4,(anonymous_4)
FNDA:4,(anonymous_5)
DA:1,3
DA:6,3
DA:10,4
DA:14,4
DA:16,4
DA:17,3
DA:18,3
DA:21,1
LF:8
LH:8
BRDA:16,0,0,3
BRDA:16,0,1,1
BRF:2
BRH:2
end_of_record
TN:
SF:src\modules\vehicles\infra\services\CreateVehicleService.ts
FN:23,(anonymous_5)
FN:35,(anonymous_6)
FNF:2
FNH:2
FNDA:2,(anonymous_5)
FNDA:2,(anonymous_6)
DA:1,1
DA:4,1
DA:9,1
DA:10,1
DA:14,1
DA:29,2
DA:30,2
DA:31,2
DA:32,2
DA:49,2
DA:51,2
DA:52,1
DA:54,1
DA:55,1
DA:57,1
DA:58,1
DA:60,1
DA:75,1
LF:18
LH:18
BRDA:51,0,0,1
BRDA:51,0,1,1
BRF:2
BRH:2
end_of_record
TN:
SF:src\modules\vehicles\infra\services\DeleteVehicleService.ts
FN:9,(anonymous_5)
FN:15,(anonymous_6)
FNF:2
FNH:2
FNDA:3,(anonymous_5)
FNDA:3,(anonymous_6)
DA:2,1
DA:3,1
DA:6,1
DA:12,3
DA:16,3
DA:18,3
DA:19,1
DA:21,2
DA:22,1
DA:27,1
DA:28,1
LF:11
LH:11
BRDA:18,0,0,1
BRDA:18,0,1,2
BRDA:21,1,0,1
BRDA:21,1,1,1
BRF:4
BRH:4
end_of_record
TN:
SF:src\modules\vehicles\infra\services\ShowVehiclesService.ts
FN:10,(anonymous_5)
FN:16,(anonymous_6)
FNF:2
FNH:2
FNDA:2,(anonymous_5)
FNDA:2,(anonymous_6)
DA:2,1
DA:3,1
DA:7,1
DA:13,2
DA:17,2
DA:19,2
DA:20,1
DA:23,1
LF:8
LH:8
BRDA:19,0,0,1
BRDA:19,0,1,1
BRF:2
BRH:2
end_of_record
TN:
SF:src\modules\vehicles\infra\services\UpdateVehicleService.ts
FN:23,(anonymous_5)
FN:33,(anonymous_6)
FNF:2
FNH:2
FNDA:3,(anonymous_5)
FNDA:3,(anonymous_6)
DA:1,1
DA:3,1
DA:6,1
DA:7,1
DA:16,1
DA:28,3
DA:29,3
DA:30,3
DA:48,3
DA:50,3
DA:51,1
DA:54,2
DA:55,1
DA:61,1
DA:62,1
DA:64,1
DA:65,1
DA:67,1
DA:81,1
DA:83,1
LF:20
LH:20
BRDA:50,0,0,1
BRDA:50,0,1,2
BRDA:54,1,0,1
BRDA:54,1,1,1
BRF:4
BRH:4
end_of_record
